<?xml version="1.0" encoding="UTF-8"?>
<testsuite name="fleetster.blackjack.RankTest" tests="4" skipped="0" failures="0" errors="0" timestamp="2022-12-28T19:44:49" hostname="THE_POWERHOUSE" time="0.012">
  <properties/>
  <testcase name="canGetValueAce()" classname="fleetster.blackjack.RankTest" time="0.01"/>
  <testcase name="canGetValueJack()" classname="fleetster.blackjack.RankTest" time="0.0"/>
  <testcase name="canGetValue10()" classname="fleetster.blackjack.RankTest" time="0.001"/>
  <testcase name="canGetValue2()" classname="fleetster.blackjack.RankTest" time="0.0"/>
  <system-out><![CDATA[]]></system-out>
  <system-err><![CDATA[]]></system-err>
</testsuite>
