<?xml version="1.0" encoding="UTF-8"?>
<testsuite name="fleetster.blackjack.SuitTest" tests="2" skipped="0" failures="0" errors="0" timestamp="2022-12-29T00:57:48" hostname="THE_POWERHOUSE" time="0.011">
  <properties/>
  <testcase name="canGetHeart()" classname="fleetster.blackjack.SuitTest" time="0.011"/>
  <testcase name="canGetSpade()" classname="fleetster.blackjack.SuitTest" time="0.0"/>
  <system-out><![CDATA[]]></system-out>
  <system-err><![CDATA[]]></system-err>
</testsuite>
